80
80
88
86
92
90
88
86
92
98
84
96
80
88
96
92
92
90
96
82
92
80
82
84
88
94
88
80
92
82
88
88
88
90
82
88
96
78
96
98
94
98
68
78
82
90
90
92
90
80
78
90
78
84
94
94
84
90
84
92
96
96
82
92
90
90
88
86
94
94
88
94
84
86
96
86
82
90
98
82
78
94
88
86
80
88
96
86
84
86
92
84
84
90
92
82
86
94
84
94
84
94
96
84
96
96
94
78
94
96
94
88
86
90
90
94
96
84
94
100
98
98
80
100
94
98
88
92
94
96
88
84
84
98
94
92
92
84
88
94
88
96
88
96
100
98
90
96
88
100
76
76
96
98
92
96
90
82
72
82
76
98
96
96
98
94
92
90
88
92
94
92
76
70
92
96
86
96
100
96
92
88
100
94
100
92
96
100
90
86
94
90
92
84
96
92
92
86
92
100
94
96
86
94
94
98
92
86
94
100
90
82
98
96
80
96
98
90
86
70
94
96
94
100
96
90
100
98
86
96
94
94
98
98
86
92
92
100
94
98
94
92
96
90
92
94
94
98
74
96
92
88
90
90
84
94
96
98
94
84
88
94
86
94
80
98
98
94
100
90
88
98
92
98
98
88
86
98
86
98
94
80
80
96
82
78
94
94
100
98
98
92
100
86
90
98
90
84
98
94
988
972
944
972
942
992
996
974
984
976
994
964
990
930
976
988
984
958
990
994
954
966
988
974
982
942
982
984
970
966
998
996
964
992
968
980
978
968
974
932
956
946
942
990
974
996
980
996
962
970
992
990
964
942
964
996
982
994
980
970
978
952
952
946
990
988
938
994
962
988
972
972
972
992
986
982
986
964
960
990
994
972
992
1000
998
980
998
956
966
992
984
958
962
982
962
994
980
992
960
976
990
998
976
968
966
986
996
940
970
988
974
962
964
962
996
974
984
980
974
974
946
962
998
970
1000
998
984
968
982
998
978
974
928
996
982
982
960
962
996
978
978
984
996
942
960
964
958
988
974
976
988
984
982
948
960
996
992
990
960
964
972
966
998
974
952
970
998
978
994
972
99870
99988
99652
99930
99824
99828
99674
99994
1000000
763932
997990
999606
