3 5
3 6
3 14
3 10
3 11
2 13
2 16
3 6
3 3
3 9
2 9
2 14
4 5
3 10
3 13
3 4
3 5
3 14
3 5
2 15
3 10
3 3
3 3
3 14
2 3
3 6
3 3
3 6
3 11
3 17
3 7
3 2
3 6
3 13
3 9
3 11
3 14
3 6
3 2
2 2
2 11
4 4
3 6
3 6
3 5
3 11
2 10
3 5
4 5
2 18
3 13
3 5
3 3
3 12
3 9
2 11
3 2
3 3
3 4
2 7
3 3
3 3
3 2
3 8
3 10
2 15
3 3
3 12
3 14
3 13
3 15
2 5
3 17
2 17
2 10
4 4
2 11
2 17
1 10
2 12
3 14
3 4
2 10
3 12
3 4
2 10
3 8
3 6
3 8
3 13
3 4
3 8
3 13
4 4
3 9
3 3
3 13
3 12
2 11
2 10
3 7
3 2
3 8
3 14
2 5
3 6
3 13
2 11
4 4
2 10
3 8
3 10
3 3
3 6
3 5
3 10
2 14
4 4
3 15
3 3
3 4
3 11
3 4
2 15
3 9
4 4
2 13
2 10
2 15
2 15
3 11
3 9
3 17
3 6
3 8
3 13
3 10
3 13
3 3
2 17
2 16
3 15
2 12
3 10
3 5
3 3
3 14
2 5
2 19
3 8
2 12
2 14
3 17
2 8
3 10
3 2
4 5
4 5
2 13
3 4
3 14
3 3
3 5
2 14
2 13
3 15
3 7
2 16
3 10
2 8
3 12
3 9
3 3
3 10
3 11
2 10
2 14
2 10
3 5
3 6
2 10
3 8
3 12
2 6
3 10
2 10
3 3
3 4
2 13
3 7
3 3
2 17
3 17
3 14
3 6
3 8
3 4
2 12
2 15
3 13
3 11
3 13
3 2
3 3
3 5
3 5
1 10
3 3
2 10
4 4
3 13
2 14
3 5
3 7
3 13
3 5
3 4
2 18
3 2
2 14
2 10
3 16
3 12
2 12
2 16
3 3
3 7
3 3
3 3
3 5
2 14
3 16
3 10
3 5
3 6
3 5
3 12
3 3
3 14
3 2
3 7
3 4
3 11
3 5
2 18
2 14
3 14
2 14
3 13
3 3
3 6
3 13
3 2
3 11
2 10
3 5
3 4
2 14
3 8
2 12
2 8
3 15
3 3
2 10
3 3
3 14
3 7
3 3
2 10
3 6
3 10
3 7
3 10
2 11
3 2
3 5
3 5
3 10
3 14
2 17
2 13
3 15
3 4
2 12
3 4
2 11
2 13
2 12
3 6
2 8
3 7
2 10
3 10
3 12
2 13
2 16
3 4
3 4
2 10
2 10
2 8
3 6
3 10
3 7
3 6
3 10
3 2
3 7
2 6
2 2
3 2
3 14
2 17
3 14
3 3
3 17
3 3
3 10
2 10
3 5
3 3
3 4
3 4
3 11
3 14
2 12
3 2
3 11
3 8
3 14
2 12
3 6
2 17
4 4
3 4
3 11
2 10
3 11
2 13
3 7
3 5
3 2
2 10
3 14
3 3
3 17
3 5
3 4
3 3
3 3
3 10
3 3
3 4
3 4
3 13
2 16
3 8
3 6
2 14
3 6
2 12
3 3
3 4
4 4
3 10
3 13
3 3
3 14
2 17
2 13
2 15
3 2
3 15
3 4
2 10
3 11
3 3
2 15
2 13
3 7
3 3
3 4
2 15
3 8
3 11
2 18
3 3
2 14
3 6
2 12
3 13
3 12
3 2
2 14
3 14
3 11
3 11
2 12
2 8
3 4
3 10
3 3
2 16
2 8
2 8
2 10
3 4
4 4
3 3
2 14
3 2
3 10
2 7
3 3
3 4
2 10
2 13
3 6
3 2
3 13
3 15
3 17
3 2
2 14
3 16
3 4
2 14
3 3
2 18
2 4
2 13
3 4
2 11
2 11
3 2
3 11
2 5
3 3
3 2
3 6
3 3
3 5
3 14
2 11
3 15
2 10
3 4
2 2
3 13
2 8
2 2
2 18
3 7
2 6
3 4
3 3
3 3
3 2
3 10
3 7
2 2
3 5
2 13
2 10
3 8
2 8
3 5
3 11
3 14
2 10
3 12
3 2
2 4
4 5
3 2
3 17
3 8
3 2
3 11
3 11
3 4
3 2
3 11
2 15
3 13
4 4
3 13
2 8
2 11
3 6
3 11
3 8
3 2
2 18
2 11
2 12
3 6
2 16
3 11
3 2
3 11
3 12
2 10
3 14
3 2
3 11
3 4
3 9
3 8
3 3
3 11
4 4
2 15
2 17
2 13
3 7
2 11
3 4
4 4
3 6
3 14
3 8
3 3
4 5
3 5
3 11
3 4
3 4
2 7
3 12
4 4
3 15
3 3
3 11
3 10
3 13
3 3
2 10
2 10
3 14
2 13
3 13
3 14
3 10
3 15
3 7
3 12
3 4
3 3
3 3
3 13
3 6
3 13
3 12
3 8
3 12
3 4
3 12
3 3
2 10
3 10
3 3
3 5
3 12
3 3
3 4
3 6
4 4
2 10
2 17
3 13
2 17
3 12
2 16
2 15
3 14
3 3
4 5
2 8
3 5
3 6
3 3
3 15
3 14
3 3
3 14
4 4
3 7
3 3
3 11
3 2
3 4
3 5
3 15
2 17
2 7
3 8
3 14
3 14
3 6
3 15
2 12
3 4
3 2
4 4
3 3
3 6
3 5
3 4
3 5
2 12
3 8
2 13
3 13
2 10
4 5
2 15
3 3
3 5
3 11
3 13
3 13
4 4
4 5
3 2
3 8
2 10
3 13
3 4
3 15
2 12
3 14
3 15
3 10
2 11
3 2
3 3
3 7
2 7
3 4
3 10
3 4
3 8
3 10
4 4
3 11
3 4
3 6
2 7
2 11
2 18
3 17
3 15
3 5
3 4
3 5
3 9
4 4
3 10
2 15
3 13
3 5
3 9
3 3
3 15
3 6
3 4
3 2
3 4
3 10
2 17
3 3
3 4
3 8
2 5
3 12
3 5
2 15
3 10
3 6
3 3
3 10
3 11
2 6
2 15
2 8
3 3
3 2
2 15
3 2
3 14
2 15
3 6
3 2
3 14
3 11
3 5
3 11
2 4
3 4
3 12
3 15
3 7
2 10
3 11
3 11
3 3
3 12
3 2
2 17
3 5
3 7
3 6
2 10
3 14
3 6
2 3
2 17
2 12
3 6
3 10
3 6
3 13
2 8
4 5
2 10
2 12
3 13
3 3
3 14
3 11
3 5
3 6
3 13
3 11
2 6
2 8
3 5
2 12
3 7
2 16
3 15
3 3
3 15
3 10
3 6
3 11
3 4
3 4
2 10
3 14
3 7
3 6
3 3
3 3
3 12
3 3
3 7
2 18
3 3
2 7
3 13
3 6
3 6
3 9
3 3
3 2
3 5
3 6
3 5
3 4
3 3
3 5
3 2
3 11
3 15
2 8
3 5
3 4
3 4
2 12
3 2
2 6
3 11
2 11
2 13
3 4
2 17
3 2
3 7
3 11
3 12
3 14
3 5
3 5
3 6
3 11
2 17
3 12
3 10
3 14
3 3
2 11
3 6
4 5
2 15
2 11
3 14
2 2
3 10
2 8
3 14
2 13
3 4
2 10
3 2
3 8
2 17
3 15
3 15
3 3
2 12
2 17
3 3
3 5
2 11
2 13
3 11
3 10
3 5
3 3
2 13
3 14
3 4
2 15
3 6
2 4
2 2
2 11
3 3
3 17
3 12
3 3
2 8
3 5
2 15
3 5
3 13
3 11
3 14
3 3
3 5
2 7
3 14
2 10
3 13
2 15
3 13
3 5
4 5
3 4
3 14
2 10
3 13
2 15
3 4
3 8
3 3
2 11
2 13
3 5
3 13
3 6
3 17
3 12
3 8
3 11
3 6
3 6
3 6
3 10
3 4
3 6
3 10
3 5
3 17
3 13
3 14
3 4
2 13
3 12
2 15
2 13
3 16
3 12
2 8
3 11
3 5
3 3
3 4
2 11
3 13
3 13
3 13
2 10
3 6
3 8
3 6
2 10
3 12
2 5
3 5
2 4
4 5
2 8
3 3
2 15
2 18
3 5
2 13
3 2
3 2
2 2
3 4
2 11
2 12
2 17
3 13
3 10
3 11
3 2
2 17
2 13
3 13
2 12
2 16
2 14
3 3
2 14
3 5
2 10
3 7
3 7
3 10
2 12
3 5
3 13
3 2
3 2
3 5
2 15
3 7
2 14
3 10
2 6
3 15
3 11
3 14
3 14
3 12
3 4
3 10
2 8
3 4
3 13
2 20
3 4
3 5
3 5
3 5
3 15
3 13
3 8
3 7
2 11
3 10
3 11
3 2
3 14
2 17
3 16
2 8
3 11
3 13
3 8
3 2
3 4
3 13
3 5
3 10
2 12
3 3
3 13
3 8
3 8
3 4
3 4
3 11
3 14
3 15
6 2
7 1
7 5
6 3
11 1
7 3
6 2
8 1
8 2
6 1
8 1
6 3
9 1
3 2
5 3
7 1
9 3
9 3
6 1
8 2
7 3
9 1
8 6
8 2
7 2
6 2
8 3
8 3
6 5
9 1
6 2
6 4
6 1
7 2
6 5
8 1
7 3
7 2
5 5
9 1
7 1
7 2
7 1
7 3
7 1
8 1
4 3
7 1
6 4
10 1
7 2
6 3
7 2
6 1
5 1
8 3
9 2
8 1
5 2
6 3
8 1
5 2
8 1
6 3
7 1
6 3
8 1
10 2
8 2
8 1
7 1
7 3
8 1
6 2
7 1
3 12
4 6
6 1
6 3
7 1
7 5
7 1
4 2
9 1
9 1
5 2
6 3
8 1
7 1
8 1
5 1
8 2
8 1
8 1
6 3
8 2
8 3
6 1
6 2
7 2
8 1
8 2
6 3
6 1
8 2
4 5
5 5
5 1
8 1
8 1
10 1
8 2
6 3
8 2
6 1
8 2
7 1
7 2
8 2
8 1
9 1
8 3
9 1
5 1
7 5
7 2
9 2
7 4
9 2
7 1
8 1
9 2
7 1
7 1
6 2
9 1
4 2
6 2
8 1
8 1
9 2
11 1
6 3
7 2
6 3
5 1
6 2
8 1
8 1
7 1
5 1
8 3
9 2
9 2
10 3
6 3
8 1
8 4
5 1
6 2
9 2
8 2
8 2
9 1
7 4
8 2
4 2
6 3
5 2
8 4
5 1
8 2
8 3
8 5
8 3
7 2
7 3
5 2
9 2
6 1
8 2
10 1
5 3
8 1
6 1
7 1
8 3
8 1
9 3
6 3
5 4
9 1
8 1
7 4
6 4
8 2
6 5
7 3
6 2
7 1
7 1
8 1
8 1
9 4
8 2
8 1
8 2
6 2
5 1
7 1
8 2
8 3
6 2
7 1
5 2
5 6
8 1
9 3
4 4
11 1
7 1
6 2
7 2
7 1
6 1
7 2
8 2
6 2
8 4
7 6
7 2
8 2
7 2
7 5
8 1
5 9
5 4
8 1
7 1
9 1
7 1
9 2
6 6
9 3
7 2
9 1
6 2
8 1
9 4
8 2
6 2
5 6
8 1
7 1
8 1
8 4
6 3
6 1
6 2
7 1
5 3
6 4
8 1
6 4
6 1
6 3
6 2
8 1
5 6
5 3
8 2
7 1
8 4
8 3
6 2
8 1
9 1
8 1
6 3
7 1
8 1
6 1
6 1
8 3
9 1
6 7
6 1
6 8
9 1
5 1
6 1
6 4
7 1
7 4
9 2
9 2
7 1
8 1
9 3
6 1
5 2
7 4
6 1
5 2
6 1
5 1
6 2
6 2
6 2
6 1
6 1
6 6
6 1
6 1
6 2
6 3
6 2
8 1
8 2
7 2
8 2
6 1
6 2
6 2
6 1
7 2
8 1
7 2
6 1
5 4
6 1
7 1
9 1
9 1
8 1
7 2
8 4
9 1
5 1
5 2
7 5
7 1
7 3
7 1
8 2
8 5
8 2
8 2
7 1
6 3
7 2
7 2
9 1
9 4
5 6
8 3
6 1
8 1
8 1
7 2
6 2
8 1
9 4
5 1
5 2
5 4
6 2
8 1
8 1
6 4
7 1
6 2
5 1
7 1
7 1
6 1
9 3
7 2
8 1
8 2
7 2
8 1
8 1
6 1
7 1
5 2
7 1
9 1
7 1
6 1
8 2
8 1
8 1
7 3
6 1
7 2
7 1
7 1
9 1
9 2
8 2
7 1
5 3
11 1
6 3
8 2
6 2
11 1
5 1
7 2
8 2
5 2
8 1
7 2
7 1
8 1
5 4
9 1
6 3
7 1
7 1
6 1
7 1
5 2
7 1
7 2
7 2
6 1
9 3
6 5
9 4
8 1
6 1
6 1
3 4
8 1
8 1
9 1
9 1
6 3
6 2
8 1
4 4
3 4
7 2
6 1
5 5
8 1
7 1
8 3
7 2
8 1
9 4
5 1
8 2
6 4
8 1
8 3
9 1
6 1
7 2
5 2
7 1
6 4
5 2
7 1
8 1
6 2
9 1
6 1
6 4
8 1
9 3
5 3
9 1
7 1
3 5
7 2
7 1
6 4
5 3
8 1
8 1
9 2
9 3
8 3
5 1
8 2
7 1
8 2
8 1
8 2
8 1
7 2
9 1
7 1
9 1
8 2
8 1
9 2
5 2
8 1
9 2
8 1
5 1
6 1
8 1
8 6
8 1
7 4
7 2
9 1
8 1
5 3
8 2
9 1
7 1
5 5
7 1
7 2
5 2
9 1
8 2
8 1
8 2
7 2
6 3
4 5
6 4
5 2
7 1
8 1
3 4
6 5
7 1
8 2
6 1
6 1
6 1
8 1
8 2
6 8
7 1
9 1
6 1
5 1
9 2
7 1
8 1
8 1
9 1
7 2
6 3
8 3
9 1
7 1
7 2
3 4
7 1
9 1
6 2
8 1
7 1
8 1
6 1
9 1
9 2
8 1
5 1
7 3
7 1
7 1
6 2
9 1
7 1
6 1
7 3
8 2
6 2
6 10
8 1
4 1
7 2
6 2
8 2
7 1
6 2
7 1
8 2
5 3
7 2
8 2
6 5
5 8
7 1
7 1
7 6
9 3
8 1
4 6
9 3
7 1
8 2
6 4
7 2
8 1
7 1
7 1
8 1
11 1
7 2
5 6
9 1
6 5
8 5
7 2
6 4
9 5
8 2
5 1
6 1
5 2
8 1
9 1
9 1
6 3
6 1
5 3
8 3
6 4
6 1
8 1
5 3
8 2
9 1
8 3
7 2
8 1
6 1
7 4
8 4
8 1
8 2
7 1
6 5
7 1
9 1
5 2
6 1
5 2
7 2
7 1
7 2
6 1
8 1
5 1
7 2
6 3
8 2
8 1
5 2
9 2
6 2
8 1
8 1
6 1
6 2
9 2
9 1
5 4
5 3
7 1
8 1
5 6
5 2
6 1
4 3
8 1
7 1
5 2
7 1
8 2
8 1
7 1
6 4
9 2
9 2
6 4
8 2
3 1
6 2
5 1
7 1
4 2
9 1
8 1
6 2
7 1
9 4
6 2
8 1
8 1
6 1
8 1
9 1
8 3
8 1
8 2
9 1
9 1
9 1
7 2
5 1
8 1
4 3
6 3
9 1
6 3
9 3
8 2
5 6
8 1
7 1
8 1
7 2
8 2
9 2
9 1
9 1
8 1
6 4
4 2
7 1
6 2
9 1
7 4
7 3
6 2
8 1
5 4
9 1
8 1
9 2
12 1
5 1
5 2
6 1
9 1
6 2
5 3
6 2
7 3
9 2
8 2
6 3
8 1
9 1
7 2
8 2
7 2
8 1
9 2
6 1
8 1
7 2
8 1
7 3
7 1
6 1
9 1
8 9
9 1
7 4
6 4
9 1
8 2
6 3
6 3
6 6
5 2
7 5
8 3
8 1
7 2
9 2
6 1
7 1
6 2
6 5
8 1
6 1
8 3
6 1
7 2
6 1
8 1
6 1
8 2
5 4
8 1
7 4
6 3
6 1
7 3
6 2
7 1
6 3
7 1
6 5
8 1
8 1
12 1
7 3
6 2
7 3
5 6
6 2
6 2
8 2
10 1
7 1
8 2
7 2
8 1
7 1
8 4
9 2
7 3
7 1
8 3
6 3
7 1
6 1
3 4
8 1
9 1
7 4
6 1
8 4
6 2
7 2
8 1
10 1
7 1
8 2
9 2
5 3
8 4
6 2
8 3
6 2
7 1
8 1
9 1
7 4
6 3
6 4
7 2
8 4
8 1
9 1
7 2
6 2
8 2
9 2
11 1
8 1
7 1
8 1
9 1
6 3
9 1
5 1
6 1
8 1
8 1
7 2
8 1
5 2
9 2
7 3
6 2
7 3
7 3
8 3
8 1
9 1
6 1
6 1
8 1
5 1
7 2
6 1
5 1
8 2
5 6
6 2
9 1
6 2
5 5
8 1
8 1
6 4
8 1
6 1
8 2
8 1
6 2
6 1
7 4
6 1
7 6
5 2
10 2
6 6
8 4
9 1
9 2
3 3
9 1
8 2
6 4
7 3
8 1
9 2
9 1
4 1
9 4
6 3
7 1
5 4
9 1
8 4
6 2
6 3
6 4
5 2
7 2
8 2
7 1
5 1
5 1
7 2
8 2
6 2
6 2
8 1
5 4
5 2
8 3
7 1
9 1
8 6
8 2
5 3
9 1
5 5
8 3
9 4
7 1
10 3
6 2
8 2
4 9
9 3
4 5
5 2
8 2
8 3
6 1
6 5
6 1
6 2
6 1
9 2
8 3
5 8
6 2
7 1
7 3
7 3
6 2
6 1
6 3
7 1
6 2
8 1
6 1
9 4
7 2
9 2
7 4
7 2
9 2
4 6
8 2
7 4
7 3
8 1
5 3
8 1
8 2
9 2
6 2
6 1
7 1
5 2
9 2
6 1
5 2
6 1
8 2
7 2
4 6
8 1
11 2
9 3
6 2
7 2
6 5
7 1
5 2
7 1
7 1
6 6
7 2
7 1
5 7
5 2
7 1
7 6
6 1
8 2
9 2
7 5
4 1
6 2
7 1
9 1
7 4
6 4
6 1
8 1
8 2
8 1
7 2
7 1
10 1
4 6
4 5
7 2
5 2
9 1
5 2
9 2
5 4
8 1
7 1
7 1
7 2
8 3
9 1
7 3
5 2
8 4
7 2
6 3
6 1
8 3
7 1
9 1
9 1
7 3
8 1
6 3
8 4
6 1
6 2
6 1
8 2
8 6
7 3
6 1
8 1
6 4
8 2
7 2
11 1
6 1
5 7
6 4
8 1
9 1
6 1
6 1
7 1
9 1
5 2
9 1
6 1
5 4
6 2
6 1
7 1
8 1
9 1
6 3
7 6
5 3
6 3
8 1
8 2
6 1
5 2
9 2
5 1
6 4
9 1
5 1
7 2
5 2
8 4
8 1
9 1
5 3
7 3
6 1
6 4
8 1
7 2
8 1
6 5
3 5
8 1
6 5
7 1
7 2
9 2
9 1
7 3
8 1
8 4
6 1
9 1
9 1
6 3
9 1
7 1
7 2
4 2
7 1
9 2
9 1
8 2
5 3
7 3
9 1
5 6
8 1
7 3
8 3
8 2
5 4
5 1
9 1
5 2
4 1
8 2
5 2
7 4
8 2
9 1
9 1
8 1
7 1
6 1
7 1
7 1
6 1
7 1
10 1
8 1
6 2
6 2
7 2
7 3
6 1
9 3
6 3
6 8
9 2
5 2
7 2
9 1
7 1
6 2
8 1
7 3
9 2
6 3
9 2
6 2
8 1
5 1
9 1
5 1
5 5
8 1
8 1
7 1
5 1
9 7
6 1
8 4
6 3
6 6
8 2
8 1
7 3
8 3
6 3
11 1
6 1
6 1
8 2
9 1
8 3
10 1
7 3
6 3
6 1
7 2
4 1
7 1
7 1
5 2
9 3
8 1
8 1
8 2
7 1
8 1
9 2
7 2
6 4
5 1
8 2
6 1
8 4
8 1
7 2
6 5
8 3
6 1
6 4
7 2
6 6
7 3
7 1
5 3
8 1
8 1
6 1
7 1
5 4
7 1
7 1
6 2
5 2
6 1
5 4
6 2
8 3
5 2
6 1
7 4
6 1
8 2
6 2
6 1
8 2
7 1
6 1
9 3
9 6
7 1
6 2
9 1
9 3
8 2
6 2
8 1
8 1
6 1
8 1
6 1
6 2
4 5
5 3
11 1
7 1
5 4
7 3
7 2
5 3
10 2
6 3
5 2
5 2
9 1
7 2
7 2
5 4
5 1
10 1
8 1
6 6
8 1
8 2
8 2
8 1
6 1
11 1
9 2
9 3
6 1
9 1
6 1
5 3
8 1
8 1
5 1
9 1
9 1
8 8
8 3
8 2
5 1
8 1
9 1
6 2
6 1
11 1
5 1
6 2
8 3
9 2
8 1
8 1
8 1
8 2
7 1
8 1
7 1
6 5
7 3
7 1
9 2
6 7
6 1
6 1
9 2
7 2
8 3
5 4
6 1
8 1
8 2
9 1
8 2
12 1
8 1
5 1
7 3
6 2
6 2
6 3
7 2
6 4
6 3
8 1
9 1
4 4
8 1
7 2
7 6
6 3
6 4
5 3
6 1
5 3
8 1
6 1
6 1
8 2
6 2
8 2
8 1
7 2
6 8
8 1
6 1
6 2
5 5
8 1
6 2
9 1
7 1
6 1
8 3
7 3
7 1
8 1
6 3
8 1
7 1
6 3
5 2
8 6
9 4
6 2
4 7
5 2
7 3
12 1
9 2
6 5
7 1
5 1
6 1
8 1
8 3
9 1
5 2
8 2
5 7
8 3
9 1
9 4
9 3
5 2
6 2
8 3
6 1
6 2
6 1
8 3
11 1
6 2
6 3
7 1
5 1
6 2
8 2
8 1
7 1
7 3
7 5
7 2
6 1
5 3
9 1
6 4
8 1
6 4
5 3
6 1
8 1
6 7
9 1
7 1
8 3
7 1
6 1
9 1
5 3
6 9
8 2
6 4
6 3
8 1
7 3
7 4
7 2
6 1
7 2
6 1
8 2
8 1
8 1
9 1
7 3
7 2
7 1
9 1
8 1
7 1
4 5
6 5
5 2
5 1
7 1
6 1
4 2
6 4
6 1
8 2
6 3
8 2
7 1
9 1
6 5
5 1
7 1
10 2
8 1
7 1
8 3
6 3
6 2
6 1
6 1
6 2
6 1
7 4
7 2
7 2
8 2
7 1
7 3
7 1
6 1
9 2
8 1
10 1
5 2
5 2
6 4
5 4
8 3
9 2
10 1
6 1
8 3
7 1
5 3
8 3
5 2
8 4
6 1
8 3
5 4
6 1
10 1
9 2
7 5
8 2
7 1
8 2
5 5
7 1
7 1
7 1
3 6
6 1
8 5
7 1
7 2
8 4
7 1
8 3
8 1
8 1
7 2
8 1
9 1
8 1
5 2
7 1
7 2
8 1
8 2
6 2
7 1
7 1
6 7
7 1
8 3
8 1
6 2
9 3
6 2
5 1
6 2
9 1
6 1
7 1
10 2
7 1
7 2
8 2
6 1
8 5
7 2
11 1
8 4
7 1
8 2
9 2
5 4
6 2
6 6
7 1
6 1
8 4
6 1
9 1
7 5
8 1
8 2
7 1
7 4
4 3
6 1
7 1
7 8
8 2
6 1
7 1
5 1
9 2
9 1
7 3
6 2
6 1
9 2
7 6
11 1
7 1
6 1
8 1
7 4
7 1
7 1
6 7
8 1
8 1
8 2
6 2
5 1
6 1
8 1
4 2
10 1
5 9
7 1
8 1
9 2
6 2
7 1
9 1
5 4
6 1
6 1
7 1
5 15
6 2
6 3
9 2
5 7
7 1
6 2
5 7
6 2
8 5
5 1
9 1
7 1
5 4
6 1
8 3
4 1
8 1
9 1
8 2
6 8
8 1
9 4
5 2
7 1
3 2
6 5
9 1
7 1
6 2
7 2
5 2
8 1
9 2
6 4
7 2
7 1
8 1
6 3
7 2
8 1
9 1
8 1
9 2
8 2
8 4
6 2
8 2
9 1
6 2
7 2
4 8
4 5
5 2
6 2
7 5
6 3
6 2
7 1
7 1
8 2
9 1
3 5
6 5
6 2
7 2
6 1
7 6
5 2
6 4
7 5
9 1
7 3
6 1
9 1
8 2
6 2
7 2
7 5
12 1
8 4
8 1
6 3
7 2
9 1
7 1
7 3
6 5
8 1
9 1
7 4
9 1
6 2
9 1
8 1
7 4
7 1
6 4
5 3
5 1
5 2
7 1
10 2
8 3
8 1
7 3
7 1
7 2
6 5
12 1
7 1
9 2
5 1
9 1
7 1
7 2
7 1
7 2
7 4
5 5
7 4
6 4
9 3
6 1
9 3
7 2
9 3
6 1
6 1
7 2
7 2
9 1
10 3
5 5
7 2
9 1
7 3
8 4
9 1
8 1
5 1
10 1
8 1
8 1
8 1
6 2
6 3
9 1
9 2
8 4
8 2
7 1
7 1
5 1
7 2
5 7
7 4
6 2
6 1
4 3
8 1
7 1
9 3
5 3
9 1
7 1
5 1
6 1
6 3
7 2
7 2
9 1
6 3
8 6
8 1
8 1
6 3
7 1
6 6
6 2
9 2
4 3
9 2
5 5
5 1
5 1
6 1
8 1
8 2
7 2
7 3
8 3
9 1
8 2
6 3
5 5
6 2
9 1
8 1
7 1
5 3
6 4
7 1
8 2
8 1
9 1
6 1
5 1
9 2
7 4
8 2
5 3
8 1
7 4
9 3
9 1
7 2
7 2
8 1
5 1
7 1
8 2
6 1
8 5
7 4
6 1
7 1
6 4
8 1
5 6
8 1
5 2
8 6
7 3
8 2
6 3
5 7
6 1
7 1
5 11
6 3
6 2
9 1
8 3
6 2
8 1
8 2
6 1
7 2
8 2
9 1
7 2
7 1
9 2
6 1
7 1
8 1
6 2
7 1
7 1
7 2
5 2
8 4
4 2
5 5
6 3
8 2
6 2
9 1
8 1
7 2
7 1
7 1
8 2
5 2
8 6
7 1
6 2
9 1
6 2
9 1
7 2
9 1
9 2
7 1
7 2
8 2
6 5
8 2
7 4
5 4
8 2
8 1
5 1
8 1
7 1
9 2
6 3
6 1
9 1
6 3
8 7
7 1
5 2
7 1
6 1
8 1
7 2
7 3
5 2
6 2
6 4
3 4
8 1
6 4
6 2
6 3
6 2
8 4
8 1
9 1
8 1
8 1
7 3
6 1
5 3
9 1
6 2
10 1
8 4
7 4
6 6
7 4
6 2
9 1
10 2
10 1
9 1
9 1
10 1
10 2
10 3
10 3
10 1
10 1
9 2
10 1
10 1
9 1
10 1
10 2
10 1
9 3
10 2
10 1
10 3
10 3
9 4
6 3
9 2
8 1
9 1
10 2
10 1
10 1
9 1
9 1
10 2
10 1
10 1
10 2
10 1
10 3
9 1
10 1
10 1
10 1
10 3
9 1
9 2
10 1
9 2
9 1
9 2
10 1
10 2
10 1
8 2
9 1
10 1
9 2
8 2
10 1
9 2
9 1
10 1
10 3
10 1
10 2
10 1
10 2
9 2
10 3
10 1
10 2
10 2
8 2
9 1
10 1
10 1
10 1
10 1
9 3
10 1
9 1
9 2
10 1
10 1
9 1
10 1
10 1
10 1
9 3
10 1
10 2
10 1
10 1
8 2
10 1
10 1
10 2
8 2
10 1
9 2
8 1
9 1
9 5
10 2
10 3
8 1
8 1
10 1
10 1
10 2
9 1
10 1
10 1
10 2
9 1
10 3
10 1
10 1
10 1
10 1
10 1
7 3
10 2
10 2
10 1
10 1
10 1
10 1
10 1
7 3
9 1
10 2
10 3
10 3
9 1
9 1
10 1
10 1
9 1
9 2
10 1
9 1
8 1
10 1
9 2
10 3
10 1
10 1
10 1
8 1
7 1
10 2
9 2
10 1
10 2
10 1
10 1
10 2
10 1
9 2
10 2
10 1
10 1
10 1
9 3
10 1
10 1
10 2
10 2
10 1
8 1
10 2
10 2
9 1
10 1
10 1
10 2
10 2
9 2
8 2
10 1
10 3
10 1
8 1
5 4
8 1
10 2
10 3
10 3
8 2
10 1
10 2
10 3
9 2
9 2
9 2
10 1
10 1
9 1
8 2
10 1
10 1
9 2
10 2
10 3
9 1
10 2
9 2
10 1
10 1
10 1
10 3
9 2
10 3
10 3
7 1
9 3
10 1
10 1
9 1
8 1
9 4
10 2
8 2
9 1
10 1
9 2
10 1
8 4
10 1
9 2
9 2
9 1
9 2
10 1
10 1
9 2
10 1
10 1
9 2
10 1
10 1
9 1
9 3
9 1
10 1
10 1
9 1
9 1
9 2
8 1
10 3
10 1
7 1
10 1
9 1
10 1
10 2
8 3
10 2
10 1
10 2
10 1
10 1
10 1
10 1
10 2
10 2
10 1
10 1
5 2
10 2
10 2
10 1
9 2
10 1
10 2
10 2
10 1
10 2
10 2
10 4
10 3
10 1
10 3
10 1
10 3
9 2
10 1
10 2
10 1
9 1
10 1
10 1
10 1
10 2
10 1
9 2
10 2
9 2
10 2
9 2
9 1
7 2
9 2
8 1
10 3
9 1
10 2
10 1
8 1
10 1
10 2
9 3
7 3
9 1
9 2
10 1
9 2
9 1
10 1
10 2
10 2
10 5
6 1
10 1
10 1
10 1
10 1
8 3
6 2
9 3
10 1
9 2
9 1
6 3
10 1
10 1
9 1
9 4
10 2
10 1
10 1
10 1
10 1
10 1
10 1
10 1
9 2
10 2
8 1
9 2
10 1
10 2
9 1
10 1
9 1
10 1
10 1
10 1
9 2
9 1
8 1
9 1
9 1
10 1
10 2
10 1
10 2
7 2
10 1
10 2
10 2
9 3
10 3
10 1
10 2
10 1
9 2
10 1
10 1
10 2
10 1
10 1
8 2
10 1
10 2
9 2
10 2
10 1
9 1
10 1
7 3
10 1
9 1
10 2
9 1
10 1
9 1
10 1
9 1
10 1
9 2
10 2
10 1
10 2
10 1
10 2
10 1
9 1
8 3
10 1
10 1
9 1
10 1
10 2
10 1
9 2
10 1
10 1
8 3
10 1
8 2
10 2
10 1
10 1
9 1
10 1
9 2
9 1
10 2
10 2
10 1
9 3
9 1
9 1
10 2
10 2
10 2
9 2
10 2
9 1
10 1
10 3
9 1
10 1
9 1
9 2
9 1
9 1
10 1
10 2
9 2
9 1
8 1
10 2
9 2
10 1
8 3
10 3
10 2
7 2
9 1
10 1
10 3
9 1
10 1
10 2
10 1
9 3
9 1
10 1
10 2
10 1
10 1
9 1
10 1
9 2
7 1
10 1
10 2
10 1
8 2
10 2
8 3
10 2
9 1
10 1
10 1
10 1
10 1
10 1
10 2
9 1
10 1
10 1
10 1
10 1
7 1
10 2
10 2
10 2
10 1
10 2
9 3
10 2
10 1
10 1
10 2
8 4
10 1
9 1
10 2
10 1
10 1
10 1
10 2
9 2
10 4
10 1
9 1
10 1
10 1
10 3
10 2
10 1
10 1
10 1
10 1
9 4
10 1
10 3
10 4
10 1
9 2
8 2
10 1
10 1
10 4
10 1
10 1
10 1
8 1
9 1
8 1
10 1
10 3
10 2
10 2
10 1
8 1
10 1
10 1
10 1
10 1
9 1
7 1
10 1
10 2
10 3
10 3
9 1
9 2
9 3
10 2
10 3
10 1
10 2
8 2
10 1
10 1
10 3
10 2
10 2
10 1
10 1
10 2
10 4
10 2
9 2
10 2
10 2
10 1
9 2
9 2
10 1
10 2
10 2
10 1
10 2
9 2
9 1
9 1
10 1
9 3
9 2
10 2
9 1
10 1
10 1
10 1
10 1
10 2
9 1
10 2
10 2
10 3
9 2
10 1
9 2
9 1
9 1
10 3
10 1
8 1
10 1
10 1
10 2
10 2
10 1
8 1
10 1
9 1
10 2
9 1
10 2
8 1
9 2
10 1
10 1
10 1
10 1
9 1
9 4
10 1
10 2
10 1
10 2
10 1
10 1
9 1
10 1
9 1
10 3
9 1
10 2
10 1
8 1
9 1
9 1
9 3
10 1
10 2
10 1
9 2
10 2
7 1
10 1
10 1
9 1
9 2
10 2
10 1
10 1
10 1
10 2
9 2
10 1
10 4
10 1
10 2
10 2
10 2
8 2
10 3
10 1
10 1
10 2
10 1
9 1
8 2
10 1
10 2
10 2
10 1
10 3
10 1
10 1
9 1
10 1
10 2
10 3
10 1
10 2
8 4
10 1
10 1
10 1
10 3
8 2
9 2
9 1
9 3
10 1
10 3
10 2
10 1
9 1
9 1
10 2
10 1
10 1
10 1
10 1
9 2
8 3
10 1
10 2
10 3
10 2
10 1
10 1
9 1
9 1
10 1
8 3
9 1
10 1
7 1
10 2
8 1
9 3
9 2
9 4
10 1
10 2
10 1
10 1
10 2
10 1
9 3
10 3
9 3
10 3
10 1
8 1
10 2
10 1
9 1
8 1
9 1
9 2
10 1
10 1
9 1
10 1
9 2
10 2
9 1
10 1
10 1
10 2
10 1
10 1
10 2
10 1
10 1
9 1
9 1
10 3
10 1
10 1
10 2
10 1
10 2
10 2
10 2
5 3
10 1
9 1
9 3
10 2
10 1
10 1
9 1
10 1
9 2
9 1
6 2
10 1
10 1
10 2
9 2
9 2
10 1
9 1
9 3
9 1
9 2
10 1
10 1
9 1
10 2
10 1
9 2
10 1
10 2
8 1
8 4
7 2
10 1
9 2
9 1
9 1
10 2
10 1
10 1
10 1
10 2
10 1
8 1
10 1
10 1
10 1
9 3
9 3
10 3
10 1
9 4
10 2
10 2
10 1
10 2
7 1
10 2
10 2
10 2
9 1
10 2
10 3
10 2
10 2
10 3
10 2
8 1
10 1
10 1
10 1
10 1
8 1
10 1
9 2
9 3
10 1
9 1
10 1
10 3
10 1
9 1
6 1
10 1
10 2
9 1
10 1
10 1
10 2
10 2
10 1
9 2
10 1
10 2
10 2
10 3
10 2
10 1
10 1
9 2
10 1
10 3
10 2
8 1
9 2
9 1
9 1
8 1
10 2
10 1
10 1
10 1
9 1
9 2
9 2
9 1
10 1
10 3
10 2
10 1
10 2
9 1
9 1
10 2
9 1
10 1
10 4
10 1
7 2
10 1
10 1
10 1
7 1
10 1
10 1
10 2
10 4
9 2
10 1
10 2
10 1
9 2
10 1
10 3
10 1
10 1
9 2
9 1
10 3
10 1
10 1
10 1
10 1
9 1
10 2
9 1
10 3
9 1
9 1
10 1
5 3
10 1
9 1
10 1
10 3
10 1
9 3
10 1
8 1
10 1
10 2
10 1
9 1
10 1
10 1
10 2
10 1
8 1
10 1
10 1
10 1
10 2
10 1
8 1
10 1
10 1
8 2
10 3
10 2
10 1
10 1
9 1
10 1
10 1
10 1
9 1
10 2
9 2
10 1
9 1
8 2
9 1
10 1
10 1
9 2
8 3
10 3
10 2
10 1
10 1
10 2
8 3
10 2
6 2
9 3
10 2
7 1
7 2
8 1
10 1
10 2
10 2
9 1
9 4
12 18
11 36
10 160
31 2
31 6
38 2
11 12
34 5
39 1
40 4
29 1
34 1
37 2
13 16
12 32
40 1
42 1
10 9
13 24
40 1
35 2
10 4
39 2
36 2
27 1
13 10
34 3
10 3
11 9
42 1
11 3
39 1
12 8
13 18
43 1
13 24
13 48
36 13
12 3
6 12
11 54
14 24
31 7
6 24
37 2
36 2
28 1
34 8
40 3
27 8
36 1
36 2
10 35
41 1
34 4
44 2
28 3
35 1
42 6
43 4
14 4
13 3
10 6
34 2
13 4
14 16
41 1
38 1
9 12
35 2
13 12
14 84
7 8
30 2
10 60
15 3
14 18
37 1
14 6
15 21
15 12
25 6
37 2
13 18
44 1
12 18
10 12
13 16
33 4
38 6
12 6
31 3
10 20
34 1
9 14
10 16
37 3
14 64
31 4
15 24
33 8
10 24
35 6
14 16
11 39
15 12
38 2
29 1
39 1
7 2
10 8
12 60
35 1
38 2
37 1
39 1
12 16
29 1
32 1
9 12
13 16
14 6
34 1
8 8
9 3
14 24
40 1
10 139
12 18
13 24
11 32
34 2
14 48
37 1
12 12
13 32
11 36
40 1
14 48
35 1
39 6
34 1
11 2
12 18
6 18
12 4
12 12
11 7
9 14
12 23
39 2
42 1
30 4
12 24
35 4
8 16
12 30
29 2
15 32
36 1
33 2
41 2
34 4
33 10
14 128
15 18
40 2
32 1
33 2
17 108
7 118
12 4
33 3
38 1
32 1
29 4
24 1
43 1
33 1
12 4
12 54
41 2
9 12
8 12
38 2
32 1
10 108
11 96
31 2
26 4
8 4
11 30
33 2
33 7
28 1
14 12
14 4
40 2
10 8
35 1
12 28
11 17
35 7
34 3
32 3
30 2
12 11
26 3
39 2
10 26
11 48
38 2
13 8
35 2
12 18
10 182
13 44
32 1
34 2
12 18
38 2
9 9
31 1
39 1
14 6
31 2
29 6
41 4
37 1
37 3
13 2
37 12
37 1
11 16
36 4
15 12
32 1
37 1
10 4
10 6
39 1
9 23
9 3
13 8
7 22
46 1
38 1
32 3
41 1
39 3
34 4
44 1
13 32
35 3
35 1
16 96
35 3
38 3
34 2
12 69
6 27
9 1
16 32
14 96
42 1
12 48
36 1
14 24
39 2
10 12
35 11
9 112
17 256
16 72
37 2
37 2
10 3
33 3
8 6
11 32
36 3
37 2
36 2
37 2
33 1
8 12
35 2
10 8
29 1
44 1
14 48
14 4
9 3
40 1
32 6
8 3
12 8
12 60
9 3
36 2
11 3
39 1
37 2
36 5
13 24
10 66
10 32
13 60
14 32
12 13
13 12
10 8
14 12
42 2
37 1
41 4
36 5
29 6
11 14
10 8
34 1
40 2
10 15
15 4
32 2
37 1
13 30
10 32
12 8
13 48
13 16
12 8
37 8
11 6
36 2
10 3
38 3
35 4
35 2
37 4
32 2
12 54
10 15
36 1
31 1
29 2
40 4
15 96
42 2
11 4
34 6
11 48
9 16
34 1
38 1
39 2
36 2
43 3
37 1
13 15
38 1
14 8
10 8
30 1
12 36
37 2
36 5
44 17
37 1
11 4
46 1
6 1
10 16
12 12
12 36
38 2
16 16
12 2
39 2
42 2
13 56
13 9
11 26
38 1
34 4
32 2
34 2
30 1
41 1
39 1
42 1
12 16
11 36
34 1
33 2
11 2
37 5
6 32
10 4
13 4
41 1
11 12
13 68
39 1
9 12
30 3
34 1
37 3
41 2
40 1
14 24
30 3
12 18
12 8
36 2
40 1
10 20
27 5
35 1
13 24
12 32
35 4
33 3
40 1
39 3
33 2
41 2
10 20
27 6
30 5
40 3
32 2
8 9
12 12
44 1
10 48
28 4
12 24
38 4
37 4
36 1
34 1
39 3
13 48
37 1
13 24
9 82
9 24
39 2
7 60
12 8
29 3
29 4
9 93
10 140
9 12
34 2
39 2
37 4
37 1
12 36
39 8
49 1
32 2
41 3
34 4
36 3
38 1
43 4
12 36
38 1
13 21
33 2
33 2
37 8
34 2
32 5
38 2
37 1
8 181
14 8
15 144
10 26
33 4
34 1
32 3
40 2
9 16
11 12
42 1
33 2
41 8
35 3
14 24
36 2
10 7
44 2
36 3
13 26
36 2
13 8
33 5
34 1
9 2
29 8
37 5
44 3
8 12
25 5
13 3
32 3
14 48
12 16
37 2
36 1
39 3
41 3
41 3
12 48
9 2
34 1
8 36
43 1
31 3
38 4
14 30
30 2
11 16
10 2
8 19
39 1
33 1
9 16
12 64
12 64
13 8
29 2
10 24
35 4
16 24
27 1
33 1
39 1
34 2
36 1
35 2
40 1
12 8
29 1
38 1
8 6
40 4
10 12
36 2
9 6
14 9
10 6
11 48
33 2
9 20
36 1
10 24
16 36
29 14
34 7
13 36
12 2
36 2
33 2
15 16
31 4
34 1
30 1
10 36
32 10
6 2
29 1
33 1
9 20
14 6
10 27
43 1
35 4
36 1
41 1
46 1
14 2
10 20
8 48
36 1
10 10
12 24
35 4
13 12
10 2
11 24
13 9
43 2
31 13
40 4
13 16
32 3
38 4
11 3
40 1
31 1
11 10
14 96
9 33
41 4
5 3
10 4
17 36
43 1
15 32
31 1
33 2
10 10
13 9
34 3
12 8
13 64
31 2
40 4
12 16
12 16
37 1
41 1
29 6
11 36
11 21
41 2
45 1
8 4
4 6
28 3
37 1
14 8
12 45
40 1
41 6
38 1
30 4
29 6
13 45
14 2
9 6
12 6
11 6
35 2
28 5
18 6
9 12
7 16
42 3
16 8
14 96
12 61
10 6
15 32
14 36
36 2
44 6
28 1
14 4
14 32
11 24
13 8
10 4
12 4
36 2
40 1
13 48
36 2
11 84
34 2
34 2
10 18
43 2
34 1
38 2
34 4
30 2
41 4
41 1
9 3
13 21
10 6
13 90
40 2
14 24
13 8
39 1
9 8
14 8
29 6
10 12
39 1
36 2
11 8
37 1
14 16
9 5
9 108
11 32
35 2
13 60
15 8
41 2
10 7
15 32
37 1
33 3
34 8
42 3
34 5
9 8
30 1
13 24
34 6
38 1
16 24
13 12
43 2
13 12
8 8
8 12
12 12
39 2
43 1
16 6
33 4
18 72
37 1
13 10
13 24
10 7
32 3
34 4
10 14
13 6
37 2
14 12
8 152
8 4
33 2
13 130
12 24
35 4
11 8
11 8
36 1
6 26
37 2
33 7
16 16
13 24
10 4
44 4
12 24
13 39
9 2
13 9
38 6
10 6
46 1
12 40
40 6
36 1
13 48
16 8
10 3
13 6
12 6
9 6
37 4
41 1
12 12
35 6
12 16
15 18
36 1
12 32
7 68
8 6
43 2
36 4
10 7
32 3
37 2
12 9
9 3
12 12
15 6
32 4
35 1
37 2
28 3
36 1
37 3
36 4
32 3
28 6
33 1
11 12
31 1
42 1
10 2
38 4
39 2
38 6
11 3
14 36
14 6
13 16
30 3
8 8
34 2
10 16
12 24
37 4
45 1
10 4
13 16
11 48
34 4
35 4
32 3
46 2
10 36
9 36
34 1
41 4
9 24
11 12
14 3
37 3
14 12
14 8
37 2
9 24
12 36
13 8
9 64
29 5
35 8
38 2
16 1
12 16
9 2
39 1
12 28
8 46
11 48
8 16
40 1
10 8
12 6
43 2
36 4
12 4
12 16
36 1
46 2
14 9
12 44
35 2
13 1
11 8
14 12
12 12
31 9
31 2
15 48
13 3
10 3
34 4
37 3
40 1
34 2
14 6
13 96
19 12
38 3
34 9
12 8
36 1
11 31
34 14
37 6
13 3
8 16
11 48
37 2
42 2
13 4
40 1
14 6
9 8
9 104
13 12
7 20
14 18
11 32
13 18
38 2
13 24
33 4
41 2
13 108
7 60
37 2
13 12
11 24
10 96
10 3
10 108
15 144
34 2
40 1
12 8
34 2
38 1
9 32
13 12
39 1
8 72
12 8
12 36
39 4
14 24
35 1
33 3
48 1
37 1
42 1
10 12
12 51
12 24
41 4
11 48
42 3
36 1
11 36
35 1
13 64
13 16
34 1
10 112
44 1
38 2
35 3
10 9
34 2
37 8
14 18
35 2
36 1
40 1
33 1
44 1
38 2
38 4
39 2
12 64
10 4
13 12
32 2
9 9
42 2
17 64
34 2
40 3
38 1
14 48
29 1
13 30
10 2
32 1
15 6
12 36
13 8
15 16
16 6
39 8
37 2
10 16
33 2
12 4
27 3
8 6
35 1
18 16
38 4
15 15
39 2
13 24
30 2
13 6
12 30
14 20
13 12
11 4
36 2
14 12
40 1
35 6
36 1
12 4
14 6
8 66
11 12
11 11
36 8
12 16
15 18
8 5
37 12
42 1
12 1
7 11
36 1
35 4
39 2
33 11
39 1
39 3
33 3
14 36
34 18
35 2
35 2
35 1
31 2
37 1
32 2
35 2
37 2
10 16
11 9
35 3
33 1
14 24
45 1
37 2
11 24
12 16
44 1
42 2
11 96
11 85
35 9
43 1
38 2
11 36
12 8
44 1
10 12
10 8
10 2
13 24
14 16
36 2
32 5
33 2
13 96
34 1
9 6
6 4
15 18
39 1
9 102
7 9
13 24
38 1
14 1
36 2
39 1
10 6
38 1
12 36
32 4
14 36
37 2
14 18
39 1
38 1
35 3
15 18
33 1
17 144
12 16
11 36
14 24
15 32
33 2
34 1
13 24
11 40
33 10
8 12
11 12
10 6
32 4
11 102
8 6
13 16
7 6
15 4
35 1
13 8
12 32
39 1
10 4
35 1
39 1
39 4
15 24
38 1
12 12
36 1
12 8
32 5
43 4
34 8
37 1
12 9
9 80
11 3
11 6
30 15
15 6
8 4
32 4
34 3
16 8
13 6
36 1
33 1
37 1
32 1
40 1
11 48
34 2
40 4
30 14
13 16
12 30
40 2
36 1
38 1
9 5
38 1
10 76
12 14
35 2
34 1
42 4
36 7
35 3
14 6
40 1
12 12
38 1
33 1
12 18
11 6
12 12
33 5
39 1
39 1
33 4
8 6
10 20
11 48
13 16
37 3
11 16
8 20
39 2
36 1
9 32
42 4
11 16
15 48
10 24
38 6
35 1
14 18
11 16
13 40
39 1
11 9
34 6
10 18
39 1
43 1
11 22
36 2
10 8
10 8
40 1
40 1
8 16
38 4
9 12
10 4
11 56
11 6
10 18
33 1
34 1
11 8
13 12
13 16
37 7
12 12
13 2
12 30
10 36
34 2
12 2
10 48
12 36
8 12
31 9
41 2
39 8
40 1
32 2
13 12
31 3
41 1
11 6
46 2
16 36
44 2
11 24
10 70
9 64
31 2
32 1
35 4
12 30
9 12
35 4
32 1
30 3
12 45
15 192
14 96
37 10
13 4
44 1
36 4
40 3
43 1
38 4
26 4
36 1
37 1
35 2
11 6
13 18
37 2
10 44
10 9
39 1
15 48
41 1
9 33
10 27
40 1
13 9
37 2
36 2
29 5
15 24
39 2
14 54
36 3
34 1
13 12
41 1
39 1
38 2
36 2
13 10
34 6
33 3
33 8
33 2
30 4
38 1
9 4
40 2
39 2
8 52
11 16
35 3
8 2
8 12
13 8
11 5
9 16
35 1
7 21
13 24
37 2
34 6
8 2
41 8
35 1
14 96
38 2
13 12
47 1
13 18
13 12
35 3
34 11
13 10
10 48
13 12
37 2
41 6
33 3
41 1
38 3
18 4
13 86
15 36
39 1
33 2
7 120
34 4
14 12
14 64
15 8
13 48
37 4
12 6
38 1
13 5
27 2
33 16
10 16
13 6
10 20
43 1
13 12
12 3
36 2
11 18
13 16
12 36
27 8
41 4
34 1
11 24
11 12
34 1
11 36
41 2
12 48
38 1
7 28
9 12
13 3
42 5
12 8
12 80
10 8
37 1
43 2
37 3
12 18
11 66
13 12
39 2
15 48
38 6
9 86
38 1
10 22
15 12
8 8
39 2
19 16
36 4
38 1
14 12
10 24
14 32
9 12
30 3
12 6
7 48
13 12
13 12
11 24
11 12
9 24
11 12
10 32
26 3
12 3
10 14
10 48
40 1
34 12
13 9
11 48
9 30
31 3
10 24
11 3
30 2
38 2
33 9
38 1
14 36
9 6
12 8
11 8
35 2
10 30
9 8
13 4
36 11
10 10
18 24
33 1
33 1
45 1
9 8
12 53
33 1
39 2
41 1
10 9
36 1
12 18
13 18
10 20
15 36
34 8
39 1
37 4
14 12
36 1
11 6
30 3
31 3
37 3
36 2
12 16
39 1
35 2
13 16
37 2
15 18
11 9
34 13
12 24
10 1
40 8
45 2
42 1
34 1
10 76
12 8
41 1
36 1
13 2
6 8
13 2
38 5
43 1
13 12
43 1
36 1
12 4
15 8
10 32
43 2
45 3
35 2
10 64
10 16
29 1
13 6
8 112
11 16
14 16
9 2
12 24
39 2
13 12
35 1
30 5
32 4
36 1
32 4
7 12
12 16
43 1
31 3
33 2
11 27
10 8
12 18
16 4
10 48
37 1
13 11
12 36
37 2
37 1
11 12
12 9
38 2
10 10
37 1
15 24
11 8
13 32
11 112
6 23
10 27
36 2
6 8
35 1
10 12
42 1
12 6
31 8
8 6
8 12
11 2
43 1
36 1
13 32
27 6
13 24
38 1
12 96
42 2
12 111
7 12
40 14
33 20
36 2
8 24
41 1
15 32
34 1
11 24
34 10
9 4
34 12
40 3
40 1
35 1
38 1
12 24
12 15
10 6
37 6
34 2
11 12
6 12
12 24
40 1
32 3
12 16
36 3
13 56
39 2
15 24
36 2
14 6
32 2
13 4
15 204
7 5
14 16
40 1
11 9
36 1
10 32
37 7
40 2
14 130
30 5
10 48
36 6
40 2
47 2
39 1
13 9
11 18
35 4
11 8
9 42
15 32
11 9
43 2
13 3
14 108
17 64
13 16
36 3
15 8
15 24
29 8
5 3
9 16
11 2
42 1
32 2
8 4
40 2
34 1
12 4
13 224
35 2
14 16
31 2
33 6
41 3
37 1
38 2
14 4
38 2
16 6
33 2
32 3
12 48
6 2
32 7
10 44
9 12
14 16
38 2
42 1
36 3
10 6
33 5
10 8
12 3
12 12
10 12
40 1
11 11
39 1
38 2
10 32
36 1
13 36
9 5
8 12
35 1
14 24
34 4
14 48
14 34
11 12
13 8
40 2
13 2
9 96
41 1
41 2
11 32
14 9
33 8
15 48
35 1
15 48
15 12
14 12
12 4
42 4
14 12
9 14
10 12
14 24
37 2
33 6
35 4
36 2
9 36
36 3
35 5
13 8
13 80
38 2
10 64
40 2
38 2
40 4
11 16
36 1
38 1
35 3
13 2
8 120
34 6
37 2
15 1
41 1
14 8
12 6
42 2
35 2
15 24
32 1
35 4
38 4
39 16
12 16
12 60
10 32
30 18
14 36
13 48
43 1
9 45
44 2
13 6
31 2
10 8
34 1
34 1
42 2
10 72
34 3
13 12
47 2
30 2
35 1
35 6
15 8
11 2
33 4
29 2
6 6
30 3
12 18
33 4
12 42
41 2
36 10
41 1
40 4
39 1
11 12
35 2
11 8
36 4
15 8
37 3
34 6
37 4
12 4
13 3
11 22
11 24
10 15
14 144
32 2
13 18
14 6
11 16
38 1
33 2
38 1
14 32
41 4
43 1
33 2
8 37
11 2
11 12
37 4
33 1
14 6
10 20
7 4
39 2
43 4
36 2
10 3
12 6
14 16
14 64
31 1
36 2
12 6
43 4
36 8
38 10
35 2
15 128
13 36
41 3
13 56
35 1
38 2
32 3
39 2
35 1
26 2
12 3
42 1
10 9
9 8
28 2
13 32
14 24
10 16
37 2
36 6
39 3
35 1
40 2
37 4
13 45
40 1
11 8
14 12
11 27
43 1
12 12
12 18
32 2
13 16
28 6
37 2
10 16
11 36
10 12
32 2
40 4
8 4
13 24
31 6
41 3
44 1
10 24
42 1
37 2
37 1
28 6
36 2
38 1
40 2
36 6
13 40
11 18
37 2
13 32
40 3
12 57
13 8
13 12
14 4
12 48
12 6
13 32
12 28
9 25
10 16
36 1
10 4
12 16
14 12
25 9
12 204
14 2
32 8
40 2
32 1
10 24
39 5
13 28
38 1
12 16
8 6
36 4
29 1
38 3
17 9
14 12
11 6
33 1
33 4
14 4
38 3
8 8
9 84
9 24
40 2
13 12
41 2
44 2
12 42
37 1
32 1
12 24
43 3
40 2
11 48
13 48
37 1
33 2
11 4
9 18
33 1
43 2
13 12
13 8
30 4
11 18
36 2
8 30
31 1
13 8
12 20
33 1
36 1
12 48
14 48
10 24
32 1
10 28
28 7
35 4
15 5
41 1
11 12
35 1
12 48
12 12
37 1
14 16
9 5
44 1
38 2
33 2
13 12
31 10
39 1
34 2
42 1
36 1
36 2
35 2
16 16
36 1
9 16
11 4
7 97
12 24
37 1
10 36
35 6
32 32
33 2
17 32
36 2
7 32
12 8
16 24
12 12
37 12
11 8
29 3
40 1
9 24
30 2
8 60
34 3
40 2
40 1
13 45
10 21
31 3
40 1
9 3
37 1
36 1
11 16
34 2
38 2
15 24
36 1
11 32
9 45
37999999926 3
39999999918 1
39999999919 1
39999999928 2
42999999899 1
42999999913 1
39999999916 1
39999999910 2
39999999930 1
39999999905 1
39999999926 1
41999999903 1
40999999905 2
39999999939 2
39999999916 2
39999999916 8
38999999917 2
37999999927 2
39999999919 1
40999999906 2
41999999905 1
41999999917 2
38999999926 1
38999999920 1
42999999904 2
40999999913 2
40999999911 4
40999999921 2
41999999914 1
38999999913 1
39999999905 1
41999999924 1
41999999919 2
41999999907 1
41999999899 1
39999999904 1
41999999884 1
38999999931 4
41999999899 1
40999999908 1
39999999905 2
39999999913 2
40999999913 2
40999999909 1
39999999908 1
39999999903 4
39999999913 1
42999999913 1
38999999924 1
39999999897 2
39999999909 4
41999999929 1
39999999932 8
38999999920 1
38999999915 2
39999999888 2
40999999915 1
39999999934 1
38999999925 2
41999999905 1
38999999915 2
40999999899 2
40999999898 2
38999999923 1
40999999922 1
39999999935 2
39999999906 1
38999999927 1
40999999905 1
37999999926 1
38999999939 1
39999999920 2
38999999922 1
38999999920 5
41999999891 4
40999999910 1
41999999907 1
39999999903 1
40999999932 4
40999999905 1
39999999927 2
39999999917 1
41999999913 2
40999999901 1
41999999909 1
39999999887 1
39999999927 3
41999999905 3
41999999902 1
41999999905 1
41999999913 1
39999999913 1
41999999919 3
41999999903 2
40999999910 2
41999999899 4
40999999915 1
40999999908 1
40999999914 3
39999999909 2
41999999901 1
39999999915 1
41999999897 2
39999999909 1
41999999895 2
41999999919 2
39999999908 1
39999999937 2
40999999911 4
40999999909 1
39999999912 2
41999999898 1
39999999915 4
41999999923 1
40999999916 2
41999999907 1
38999999922 1
38999999920 1
40999999923 2
41999999896 1
41999999917 1
38999999920 4
39999999920 4
41999999922 4
39999999929 2
40999999902 2
40999999921 2
41999999884 1
40999999923 1
38999999914 2
38999999923 1
42999999914 1
42999999892 2
39999999905 2
41999999899 2
41999999912 2
40999999905 1
40999999930 4
42999999891 2
41999999912 6
41999999899 3
40999999909 4
39999999921 4
38999999917 1
39999999927 2
38999999906 4
42999999892 2
42999999899 1
40999999919 1
41999999915 1
40999999910 1
40999999911 2
39999999909 1
38999999916 1
41999999914 1
39999999912 2
39999999912 3
40999999913 1
36999999927 1
40999999910 1
40999999913 3
41999999915 1
39999999928 1
40999999912 2
40999999898 2
39999999902 6
38999999911 3
36999999929 2
41999999899 3
39999999926 4
41999999895 1
39999999914 2
39999999917 1
41999999915 1
40999999906 1
40999999917 1
40999999921 1
39999999914 1
40999999893 4
41999999893 6
41999999913 2
39999999938 1
40999999923 2
40999999933 3
41999999921 1
41999999905 1
39999999896 1
40999999915 1
40999999904 2
39999999924 1
41999999902 1
41999999902 1
39999999923 1
39999999916 1
39999999899 1
42999999897 4
40999999901 2
38999999915 2
40999999903 6
36999999936 1
39999999945 1
40999999918 1
41999999899 1
39999999922 2
38999999902 3
40999999900 2
41999999906 6
37999999921 1
40999999908 1
39999999920 1
40999999909 2
41999999888 1
40999999916 1
38999999927 1
40999999910 1
42999999899 1
39999999904 2
40999999921 1
38999999896 1
40999999922 2
40999999913 4
41999999918 2
40999999897 1
39999999923 3
40999999916 1
39999999909 2
41999999910 1
38999999946 1
41999999907 4
41999999915 1
38999999939 1
40999999897 1
38999999907 1
37999999918 1
41999999900 3
38999999925 4
40999999913 1
40999999917 1
38999999919 9
39999999923 2
37999999938 4
41999999914 1
37999999914 1
39999999910 2
40999999907 2
42999999921 1
40999999929 1
41999999893 1
39999999919 2
42999999915 2
39999999907 4
37999999926 2
40999999925 1
41999999927 1
39999999909 10
39999999907 1
39999999928 2
40999999925 4
39999999926 1
42999999922 1
41999999925 1
39999999898 1
40999999902 6
40999999906 1
37999999916 2
39999999898 1
38999999910 2
39999999910 1
40999999910 2
38999999921 2
40999999888 1
38999999908 1
40999999924 1
41999999890 2
41999999907 2
40999999901 3
40999999911 2
38999999932 4
42999999894 1
38999999937 2
38999999930 3
40999999910 2
40999999900 1
40999999915 1
40999999916 1
40999999907 2
38999999918 3
40999999921 4
39999999911 1
39999999919 2
40999999905 1
39999999903 1
39999999930 1
41999999922 1
41999999898 2
39999999916 1
41999999890 1
40999999918 3
41999999908 4
41999999909 1
41999999903 1
39999999921 1
39999999909 1
40999999917 2
40999999910 1
38999999902 2
40999999903 1
41999999920 1
39999999917 2
40999999908 1
40999999921 2
39999999908 4
39999999904 1
40999999904 2
40999999916 2
41999999897 2
39999999915 2
39999999909 1
39999999923 3
37999999912 1
38999999893 2
38999999916 5
39999999914 1
36999999916 4
39999999901 2
39999999908 1
40999999932 1
35999999925 1
38999999921 2
39999999919 1
41999999923 2
40999999909 2
41999999920 1
39999999914 2
38999999914 2
38999999902 1
40999999929 3
39999999910 1
39999999909 4
40999999917 4
40999999901 6
40999999901 2
39999999917 2
40999999900 1
40999999907 1
39999999908 3
37999999917 1
39999999905 1
40999999916 1
39999999913 3
40999999915 1
40999999929 2
39999999936 1
40999999904 4
40999999921 1
38999999937 1
39999999920 4
40999999919 1
38999999914 1
39999999922 2
42999999910 1
40999999932 2
40999999913 4
41999999915 2
39999999898 1
41999999914 4
40999999907 2
38999999916 8
39999999928 1
41999999909 1
39999999923 2
41999999916 4
39999999908 3
41999999919 2
39999999905 1
39999999914 2
39999999899 4
38999999915 2
41999999902 1
41999999911 1
40999999918 2
38999999917 1
41999999906 1
38999999923 3
41999999887 1
42999999892 1
40999999922 1
41999999912 1
40999999928 2
41999999897 1
40999999922 1
39999999919 1
37999999923 3
39999999913 4
37999999937 1
39999999914 2
37999999917 2
39999999906 1
41999999913 1
41999999893 1
40999999927 1
40999999915 1
41999999906 3
40999999927 1
39999999919 1
39999999934 1
40999999900 1
40999999899 1
41999999913 2
38999999902 1
41999999920 2
40999999914 2
40999999900 2
37999999925 4
41999999900 2
37999999909 1
40999999920 1
39999999920 2
40999999926 1
41999999896 2
39999999916 2
41999999899 1
38999999916 2
40999999910 1
38999999919 3
41999999905 4
39999999921 2
40999999918 1
39999999924 1
40999999912 1
37999999887 18
40999999914 10
40999999915 2
39999999922 4
40999999908 1
39999999921 7
39999999890 1
40999999903 3
39999999922 1
41999999923 1
39999999920 4
39999999919 1
37999999911 1
41999999928 1
39999999914 1
41999999910 1
39999999900 4
40999999914 2
42999999903 2
41999999912 1
41999999892 2
41999999902 1
39999999904 2
42999999907 1
39999999916 2
40999999918 1
40999999932 1
39999999911 1
38999999928 2
40999999911 1
39999999914 1
40999999912 2
39999999920 2
40999999919 2
40999999917 1
41999999920 2
39999999918 2
39999999904 1
39999999932 1
41999999900 1
40999999899 2
42999999895 1
40999999910 4
39999999911 1
41999999917 2
41999999918 1
40999999913 1
40999999902 1
40999999915 1
39999999907 2
39999999919 1
38999999922 2
40999999911 1
42999999908 1
41999999904 1
42999999914 1
41999999923 1
40999999911 1
40999999917 1
41999999901 1
41999999929 1
38999999899 1
42999999902 3
41999999898 1
39999999908 1
39999999912 1
41999999900 1
40999999922 1
37999999918 2
40999999898 1
60999999918 270904020
61999999910 914920646
61999999930 728730165
60999999918 840637420
61999999922 574136909
59999999923 517876330
59999999915 675092598
61999999921 50189738
60999999926 348605093
60999999922 207151677
61999999924 899945133
60999999918 467807459
59999999921 828606708
62999999912 811429082
59999999935 674191783
60999999923 576623536
61999999918 152679105
62999999912 117142879
60999999923 207150532
61999999915 864472522
61999999916 280393000
60999999914 877821923
61999999919 976340946
60999999921 69050559
61999999912 962208784
58999999933 741369055
61999999904 484727743
61999999912 186190481
61999999919 940194884
60999999921 85251405
61999999941 549783264
61999999921 135452010
62999999909 104808937
59999999932 444914788
61999999917 725099318
60999999917 633465755
60999999921 886626338
62999999919 725099318
61999999917 138101118
60999999915 464511412
60999999916 662285372
60999999931 948580552
60999999928 918547951
62999999912 45150670
60999999925 813918490
61999999913 22575335
61999999910 361205360
60999999918 90301340
60999999924 67726005
57999999926 162723491
60999999928 227091611
61999999922 223451291
62999999911 351428637
60999999907 670875932
60999999918 7945034
60999999928 414301064
61999999918 242910055
60999999927 541808040
59999999924 633465755
60999999906 444821433
60999999923 240552196
61999999913 132796621
60999999921 668928584
58999999924 15890068
61999999922 778219174
62999999933 103575266
61999999926 116127853
59999999923 438136166
60999999925 484727743
59999999925 945547928
60999999910 500676545
61999999917 402383513
61999999916 668773153
60999999920 959273979
60999999925 676777010
60999999921 410870410
60999999919 597399126
61999999916 67726005
61999999925 344944312
58999999935 104808937
60999999920 657204249
61999999926 816732881
60999999910 348383559
59999999938 311863658
60999999912 979636993
61999999911 828602128
60999999911 791924615
61999999909 639515986
59999999915 494909250
60999999918 744761924
60999999917 298699563
60999999924 859330057
59999999932 638730238
61999999916 488170473
61999999914 211878787
61999999920 533863006
60999999923 374028306
62999999922 77296628
60999999936 870684531
61999999923 348605093
490999997619 1
486999997669 2
488999997564 1
486999997709 1
486999997558 1
488999997487 1
489999997606 1
491999997712 1
487999997659 1
490999997650 1
489999997642 1
488999997685 1
485999997704 2
489999997577 1
488999997545 1
489999997619 1
487999997710 2
488999997644 1
490999997523 2
489999997533 1
489999997695 1
488999997637 1
486999997592 2
490999997599 2
488999997676 1
486999997651 2
487999997561 2
488999997676 3
489999997700 1
489999997600 2
488999997634 1
487999997664 2
487999997736 1
489999997698 1
487999997824 1
486999997621 2
487999997609 1
487999997701 1
486999997627 1
491999997552 1
490999997639 2
489999997557 1
485999997734 2
486999997645 1
485999997659 1
488999997648 1
488999997659 1
489999997593 1
489999997678 1
485999997720 1
612999997020 129710536
614999997168 680316367
612999997094 461332972
610999997056 904788979
613999997074 718576420
615999997246 121320736
610999997062 80174726
610999997285 44720346
609999996979 955803705
608999997064 692705010
1246999939618 194210162
1246999939994 753910107
1248999938537 358648101
4984999752321 1
1247999938629 308173502
4987999753915 1
4985999751732 1
1246999939254 892595464
1247999939274 616709613
1244999938981 408244870
40793999946008 381794915
40720999945844 400956439
40760999946305 992427162
7314145646818 858974073
7314909610499 620273902
29303539518800 1
