859394676
559509681
787220196
693198410
563990423
919827834
799518457
61584895
313931966
663921331
760107172
283514211
582538287
52316335
811913179
28918969
768328262
95583791
489827987
612318061
362003880
544647001
965717551
928791871
620709166
551257293
115499760
586947052
849302014
299179050
460749754
700001179
364881821
341235075
229204061
712951721
388171260
435899339
255252797
8044534
710783037
780795232
850302863
708197586
622580456
241768394
645076000
42732181
76033651
542354933
538185578
35684003
417866305
307350350
64676824
596266899
56408468
952029681
191931693
836245526
633265907
985831750
55734242
793499539
138533069
176727265
379886559
428988328
267377450
241236434
971508903
397136920
802085257
254637603
961604046
974796342
599330121
627303908
750400865
101498777
284234850
977678993
809022476
481911884
631600118
293052571
986377728
999081494
137413456
37622704
758131785
902519210
630888905
978324051
291808420
64414139
711564788
647321723
313359766
7553203
467440281
406775786
462098802
804176386
829241351
46898817
886012639
341679918
503466109
7552120
247031695
541206687
340038841
298533506
530226216
953169282
919830078
812943656
446318079
346103525
312017072
71419059
342058197
73321448
124058476
228787441
103964902
651272745
247728300
716629608
580850130
117600092
791948908
557859193
809530681
806827833
103194662
853958864
95072549
66562679
525598294
993103511
892599376
28358757
151082664
620570967
556813126
589797388
969370209
455598904
248803664
169669861
742867484
640834887
175398338
189075158
724922827
647254622
48410321
988695899
348027812
206083067
293211382
275025916
990291106
294349673
639752903
107922655
732484374
425075473
721274724
482988051
313014549
867480546
328701220
473866738
985041749
687313244
369049485
815106802
617774375
450051463
765606032
15172029
891418990
492977686
653513747
361799372
368525089
954410058
760766217
471625707
907922918
580240997
178033727
876981740
945507522
95794293
202484614
407547757
523053037
901654757
122888105
141197817
409861979
441949153
652436312
756955677
168617409
289858928
485402219
168643533
561327766
549888657
698146719
442878568
182224562
912245706
327076916
263630045
706237131
530249543
146370351
495690932
789606731
183082875
318889034
192274678
440524724
669695817
845213284
430015330
271530175
339199587
512344015
136938558
445520846
596919210
261423052
248614094
105659522
806500132
547893381
923612525
352294176
119391355
435603393
519143698
291814318
443772873
666314255
676787128
869130696
681063181
859445710
141249613
247045881
484740863
193503500
551327047
105857951
722648796
915156344
989633056
836368205
935288428
11538578
147597613
991824696
505652449
992465127
451175497
872971946
742291125
845454098
817314693
350262857
680499348
126601316
794420515
851500315
24406910
490150992
7748804
634223941
981017561
814772356
769774818
90768970
434604971
45145085
10949149
537824660
463044322
130185451
643455272
413529423
438919580
234193022
518386277
900027415
696834280
79093344
716917540
694060489
975760478
723128584
510347804
266051831
648145738
641288912
808584255
123930229
464443613
750844866
234779076
864182151
202750202
681004574
626470397
274026234
533666454
509116611
267990738
342147415
707803802
487759040
916641551
125519907
864334409
617771972
878014366
307880097
708389504
86669532
809884825
308154761
514650413
103889406
485623398
399301797
936569856
626511740
200161147
693575066
967750459
142233015
721639886
564164183
702121982
240136574
74783281
934420840
407454638
284522384
905207256
790649381
882637537
620753497
388171846
41525976
662983721
351412183
191933611
528235072
260589840
120587966
206082856
471570789
284392569
357577445
352598465
629869464
353793205
466011243
195607565
36640054
817204918
740804197
896888728
27158134
110334748
954883296
465935133
349565716
903121870
375439248
157344312
449766442
821346251
797865672
667892245
338450439
290207349
983529026
587576690
985832881
288297188
617417314
706776625
184253413
871094696
191867293
337000317
208286186
638012820
111476515
506916508
264042012
579974362
402345895
932638196
453475639
26307653
933955270
937216159
115056653
462061813
561369180
371217914
69613289
942946514
931065543
674061368
834653664
912448283
885715197
43988775
583613110
306353563
